# JRE version: OpenJDK Runtime Environment (17.0+35) (build 17+35-2724)
# Java VM: OpenJDK 64-Bit Server VM (17+35-2724, mixed mode, sharing, tiered, compressed oops, compressed class ptrs, g1 gc, windows-amd64)
GC Precious Log:
 CPUs: 8 total, 8 available
 Memory: 12101M
 Large Page Support: Disabled
 NUMA Support: Disabled
 Compressed Oops: Enabled (32-bit)
 Heap Region Size: 1M
 Heap Min Capacity: 256M
 Heap Initial Capacity: 256M
 Heap Max Capacity: 512M
 Pre-touch: Disabled
 Parallel Workers: 8
 Concurrent Workers: 2
 Concurrent Refinement Workers: 8
 Periodic GC: Disabled
Heap:
 garbage-first heap   total 262144K, used 124513K [0x00000000e0000000, 0x0000000100000000)
  region size 1024K, 85 young (87040K), 3 survivors (3072K)
 Metaspace       used 52846K, committed 53376K, reserved 364544K
  class space    used 7493K, committed 7744K, reserved 315392K
GC Heap History (14 events):
Event: 4.660 GC heap before
{Heap before GC invocations=0 (full 0):
 garbage-first heap   total 262144K, used 26624K [0x00000000e0000000, 0x0000000100000000)
  region size 1024K, 23 young (23552K), 0 survivors (0K)
 Metaspace       used 2924K, committed 3072K, reserved 323584K
  class space    used 365K, committed 448K, reserved 315392K
}
Event: 4.676 GC heap after
{Heap after GC invocations=1 (full 0):
 garbage-first heap   total 262144K, used 10853K [0x00000000e0000000, 0x0000000100000000)
  region size 1024K, 3 young (3072K), 3 survivors (3072K)
 Metaspace       used 2924K, committed 3072K, reserved 323584K
  class space    used 365K, committed 448K, reserved 315392K
}
Event: 6.257 GC heap before
{Heap before GC invocations=1 (full 0):
 garbage-first heap   total 262144K, used 38501K [0x00000000e0000000, 0x0000000100000000)
  region size 1024K, 30 young (30720K), 3 survivors (3072K)
 Metaspace       used 4004K, committed 4160K, reserved 323584K
  class space    used 494K, committed 576K, reserved 315392K
}
Event: 6.261 GC heap after
{Heap after GC invocations=2 (full 0):
 garbage-first heap   total 262144K, used 11453K [0x00000000e0000000, 0x0000000100000000)
  region size 1024K, 1 young (1024K), 1 survivors (1024K)
 Metaspace       used 4004K, committed 4160K, reserved 323584K
  class space    used 494K, committed 576K, reserved 315392K
}
Event: 10.473 GC heap before
{Heap before GC invocations=2 (full 0):
 garbage-first heap   total 262144K, used 107709K [0x00000000e0000000, 0x0000000100000000)
  region size 1024K, 95 young (97280K), 1 survivors (1024K)
 Metaspace       used 17092K, committed 17344K, reserved 331776K
  class space    used 2454K, committed 2560K, reserved 315392K
}
Event: 10.485 GC heap after
{Heap after GC invocations=3 (full 0):
 garbage-first heap   total 262144K, used 20930K [0x00000000e0000000, 0x0000000100000000)
  region size 1024K, 11 young (11264K), 11 survivors (11264K)
 Metaspace       used 17092K, committed 17344K, reserved 331776K
  class space    used 2454K, committed 2560K, reserved 315392K
}
Event: 11.219 GC heap before
{Heap before GC invocations=3 (full 0):
 garbage-first heap   total 262144K, used 53698K [0x00000000e0000000, 0x0000000100000000)
  region size 1024K, 44 young (45056K), 11 survivors (11264K)
 Metaspace       used 21237K, committed 21504K, reserved 339968K
  class space    used 3104K, committed 3200K, reserved 315392K
}
Event: 11.225 GC heap after
{Heap after GC invocations=4 (full 0):
 garbage-first heap   total 262144K, used 23200K [0x00000000e0000000, 0x0000000100000000)
  region size 1024K, 13 young (13312K), 13 survivors (13312K)
 Metaspace       used 21237K, committed 21504K, reserved 339968K
  class space    used 3104K, committed 3200K, reserved 315392K
}
Event: 19.269 GC heap before
{Heap before GC invocations=5 (full 0):
 garbage-first heap   total 262144K, used 144032K [0x00000000e0000000, 0x0000000100000000)
  region size 1024K, 128 young (131072K), 13 survivors (13312K)
 Metaspace       used 35607K, committed 35968K, reserved 348160K
  class space    used 4959K, committed 5120K, reserved 315392K
}
Event: 19.287 GC heap after
{Heap after GC invocations=6 (full 0):
 garbage-first heap   total 262144K, used 32586K [0x00000000e0000000, 0x0000000100000000)
  region size 1024K, 12 young (12288K), 12 survivors (12288K)
 Metaspace       used 35607K, committed 35968K, reserved 348160K
  class space    used 4959K, committed 5120K, reserved 315392K
}
Event: 22.166 GC heap before
{Heap before GC invocations=7 (full 0):
 garbage-first heap   total 262144K, used 179018K [0x00000000e0000000, 0x0000000100000000)
  region size 1024K, 153 young (156672K), 12 survivors (12288K)
 Metaspace       used 48491K, committed 49024K, reserved 364544K
  class space    used 6968K, committed 7232K, reserved 315392K
}
Event: 22.188 GC heap after
{Heap after GC invocations=8 (full 0):
 garbage-first heap   total 262144K, used 41035K [0x00000000e0000000, 0x0000000100000000)
  region size 1024K, 18 young (18432K), 18 survivors (18432K)
 Metaspace       used 48491K, committed 49024K, reserved 364544K
  class space    used 6968K, committed 7232K, reserved 315392K
}
Event: 22.205 GC heap before
{Heap before GC invocations=8 (full 0):
 garbage-first heap   total 262144K, used 42059K [0x00000000e0000000, 0x0000000100000000)
  region size 1024K, 19 young (19456K), 18 survivors (18432K)
 Metaspace       used 48559K, committed 49088K, reserved 364544K
  class space    used 6983K, committed 7232K, reserved 315392K
}
Event: 22.226 GC heap after
{Heap after GC invocations=9 (full 0):
 garbage-first heap   total 262144K, used 42593K [0x00000000e0000000, 0x0000000100000000)
  region size 1024K, 3 young (3072K), 3 survivors (3072K)
 Metaspace       used 48559K, committed 49088K, reserved 364544K
  class space    used 6983K, committed 7232K, reserved 315392K
}

